<job_desc>
    <task>
        <application>run_test-autodockvina</application>
        <append_cmdline_args/> 
    </task>
    <unzip_input>
        <zipfilename>ligands.zip</zipfilename>
    </unzip_input>
    <zip_output>
        <zipfilename>result.zip</zipfilename>
        <filename>.*_out.pdbqt</filename>
    </zip_output>
</job_desc>
